<?xml version="1.0" encoding="UTF-8"?>
<!-- Generated by org.testng.reporters.JUnitXMLReporter -->
<testsuite ignored="6" hostname="LAPTOP-H9QJJESB" failures="0" tests="4" name="POMFramework" time="47.135" errors="0" timestamp="2023-11-19T22:25:04 IST">
  <testcase classname="redbusProject.Testpages.NavigateTest" name="clickOnAccount" time="4.218"/>
  <testcase classname="redbusProject.Testpages.NavigateTest" name="clickOncabrental" time="6.813"/>
  <testcase classname="redbusProject.Testpages.AccountPageTest" name="clickOnSignUpPage" time="12.365"/>
  <testcase classname="redbusProject.Testpages.BookBusTicketTest" name="SearchBus" time="6.222"/>
  <testcase classname="redbusProject.Base.TestBase" name="@AfterSuite generateReports" time="0.0">
    <ignored/>
  </testcase> <!-- @AfterSuite generateReports -->
  <testcase classname="redbusProject.Base.TestBase" name="@BeforeTest getnameMethod" time="0.0">
    <ignored/>
  </testcase> <!-- @BeforeTest getnameMethod -->
  <testcase classname="redbusProject.Base.TestBase" name="@AfterSuite generateReports" time="0.0">
    <ignored/>
  </testcase> <!-- @AfterSuite generateReports -->
  <testcase classname="redbusProject.Base.TestBase" name="@BeforeSuite InitalizeExtentReport" time="0.0">
    <ignored/>
  </testcase> <!-- @BeforeSuite InitalizeExtentReport -->
  <testcase classname="redbusProject.Base.TestBase" name="@BeforeTest getnameMethod" time="0.0">
    <ignored/>
  </testcase> <!-- @BeforeTest getnameMethod -->
  <testcase classname="redbusProject.Base.TestBase" name="@BeforeSuite InitalizeExtentReport" time="0.0">
    <ignored/>
  </testcase> <!-- @BeforeSuite InitalizeExtentReport -->
</testsuite> <!-- POMFramework -->
