<?xml version="1.0" encoding="UTF-8"?>
<testng-results ignored="0" total="1" passed="1" failed="0" skipped="0">
  <reporter-output>
  </reporter-output>
  <suite started-at="2023-11-19T22:26:24 IST" name="Default suite" finished-at="2023-11-19T22:26:36 IST" duration-ms="12409">
    <groups>
    </groups>
    <test started-at="2023-11-19T22:26:24 IST" name="Default test" finished-at="2023-11-19T22:26:36 IST" duration-ms="12409">
      <class name="redbusProject.Testpages.BookBusTicketTest">
        <test-method is-config="true" signature="InitalizeExtentReport()[pri:0, instance:redbusProject.Testpages.BookBusTicketTest@6ed3ccb2]" started-at="2023-11-19T22:26:24 IST" name="InitalizeExtentReport" finished-at="2023-11-19T22:26:24 IST" duration-ms="274" status="PASS">
          <reporter-output>
          </reporter-output>
        </test-method> <!-- InitalizeExtentReport -->
        <test-method is-config="true" signature="getnameMethod(org.testng.ITestContext)[pri:0, instance:redbusProject.Testpages.BookBusTicketTest@6ed3ccb2]" started-at="2023-11-19T22:26:24 IST" name="getnameMethod" finished-at="2023-11-19T22:26:24 IST" duration-ms="9" status="PASS">
          <params>
            <param index="0">
              <value>
                <![CDATA[org.testng.TestRunner@c29fe36]]>
              </value>
            </param>
          </params>
          <reporter-output>
          </reporter-output>
        </test-method> <!-- getnameMethod -->
        <test-method is-config="true" signature="OpenApp()[pri:0, instance:redbusProject.Testpages.BookBusTicketTest@6ed3ccb2]" started-at="2023-11-19T22:26:24 IST" name="OpenApp" finished-at="2023-11-19T22:26:30 IST" duration-ms="5974" status="PASS">
          <reporter-output>
          </reporter-output>
        </test-method> <!-- OpenApp -->
        <test-method signature="SearchBus()[pri:0, instance:redbusProject.Testpages.BookBusTicketTest@6ed3ccb2]" started-at="2023-11-19T22:26:30 IST" name="SearchBus" finished-at="2023-11-19T22:26:36 IST" duration-ms="5929" status="PASS">
          <reporter-output>
          </reporter-output>
        </test-method> <!-- SearchBus -->
        <test-method is-config="true" signature="generateTestStatus(java.lang.reflect.Method,org.testng.ITestResult)[pri:0, instance:redbusProject.Testpages.BookBusTicketTest@6ed3ccb2]" started-at="2023-11-19T22:26:36 IST" name="generateTestStatus" finished-at="2023-11-19T22:26:36 IST" duration-ms="12" status="PASS">
          <params>
            <param index="0">
              <value>
                <![CDATA[public void redbusProject.Testpages.BookBusTicketTest.SearchBus() throws java.lang.InterruptedException]]>
              </value>
            </param>
            <param index="1">
              <value>
                <![CDATA[[TestResult name=SearchBus status=SUCCESS method=BookBusTicketTest.SearchBus()[pri:0, instance:redbusProject.Testpages.BookBusTicketTest@6ed3ccb2] output={null}]]]>
              </value>
            </param>
          </params>
          <reporter-output>
          </reporter-output>
        </test-method> <!-- generateTestStatus -->
        <test-method is-config="true" signature="CloseApp()[pri:0, instance:redbusProject.Testpages.BookBusTicketTest@6ed3ccb2]" started-at="2023-11-19T22:26:36 IST" name="CloseApp" finished-at="2023-11-19T22:26:36 IST" duration-ms="443" status="PASS">
          <reporter-output>
          </reporter-output>
        </test-method> <!-- CloseApp -->
        <test-method is-config="true" signature="generateReports()[pri:0, instance:redbusProject.Testpages.BookBusTicketTest@6ed3ccb2]" started-at="2023-11-19T22:26:36 IST" name="generateReports" finished-at="2023-11-19T22:26:38 IST" duration-ms="1418" status="PASS">
          <reporter-output>
          </reporter-output>
        </test-method> <!-- generateReports -->
      </class> <!-- redbusProject.Testpages.BookBusTicketTest -->
    </test> <!-- Default test -->
  </suite> <!-- Default suite -->
</testng-results>
